[0.103s] DEBUG:colcon:Command line arguments: ['/usr/bin/colcon', 'build']
[0.103s] DEBUG:colcon:Parsed command line arguments: Namespace(log_base=None, log_level=None, verb_name='build', build_base='build', install_base='install', merge_install=False, symlink_install=False, test_result_base=None, continue_on_error=False, executor='parallel', parallel_workers=8, event_handlers=None, ignore_user_meta=False, metas=['./colcon.meta'], base_paths=['.'], packages_ignore=None, packages_ignore_regex=None, paths=None, packages_up_to=None, packages_up_to_regex=None, packages_above=None, packages_above_and_dependencies=None, packages_above_depth=None, packages_select_by_dep=None, packages_skip_by_dep=None, packages_skip_up_to=None, packages_select_build_failed=False, packages_skip_build_finished=False, packages_select_test_failures=False, packages_skip_test_passed=False, packages_select=None, packages_skip=None, packages_select_regex=None, packages_skip_regex=None, packages_start=None, packages_end=None, allow_overriding=[], cmake_args=None, cmake_target=None, cmake_target_skip_unavailable=False, cmake_clean_cache=False, cmake_clean_first=False, cmake_force_configure=False, ament_cmake_args=None, catkin_cmake_args=None, catkin_skip_building_tests=False, verb_parser=<colcon_defaults.argument_parser.defaults.DefaultArgumentsDecorator object at 0xffff899373a0>, verb_extension=<colcon_core.verb.build.BuildVerb object at 0xffff89ae0ca0>, main=<bound method BuildVerb.main of <colcon_core.verb.build.BuildVerb object at 0xffff89ae0ca0>>)
[0.229s] Level 1:colcon.colcon_core.package_discovery:discover_packages(colcon_meta) check parameters
[0.229s] Level 1:colcon.colcon_core.package_discovery:discover_packages(recursive) check parameters
[0.229s] Level 1:colcon.colcon_core.package_discovery:discover_packages(ignore) check parameters
[0.229s] Level 1:colcon.colcon_core.package_discovery:discover_packages(path) check parameters
[0.229s] Level 1:colcon.colcon_core.package_discovery:discover_packages(colcon_meta) discover
[0.230s] Level 1:colcon.colcon_core.package_discovery:discover_packages(recursive) discover
[0.230s] INFO:colcon.colcon_core.package_discovery:Crawling recursively for packages in '/home/ubuntu/ubuntu_ros2/ros2_ws'
[0.230s] Level 1:colcon.colcon_core.package_identification:_identify(.) by extensions ['ignore', 'ignore_ament_install']
[0.230s] Level 1:colcon.colcon_core.package_identification:_identify(.) by extension 'ignore'
[0.230s] Level 1:colcon.colcon_core.package_identification:_identify(.) by extension 'ignore_ament_install'
[0.230s] Level 1:colcon.colcon_core.package_identification:_identify(.) by extensions ['colcon_pkg']
[0.230s] Level 1:colcon.colcon_core.package_identification:_identify(.) by extension 'colcon_pkg'
[0.230s] Level 1:colcon.colcon_core.package_identification:_identify(.) by extensions ['colcon_meta']
[0.230s] Level 1:colcon.colcon_core.package_identification:_identify(.) by extension 'colcon_meta'
[0.230s] Level 1:colcon.colcon_core.package_identification:_identify(.) by extensions ['ros']
[0.230s] Level 1:colcon.colcon_core.package_identification:_identify(.) by extension 'ros'
[0.236s] Level 1:colcon.colcon_core.package_identification:_identify(.) by extensions ['cmake', 'python']
[0.236s] Level 1:colcon.colcon_core.package_identification:_identify(.) by extension 'cmake'
[0.236s] Level 1:colcon.colcon_core.package_identification:_identify(.) by extension 'python'
[0.236s] Level 1:colcon.colcon_core.package_identification:_identify(.) by extensions ['python_setup_py']
[0.236s] Level 1:colcon.colcon_core.package_identification:_identify(.) by extension 'python_setup_py'
[0.236s] Level 1:colcon.colcon_core.package_identification:_identify(build) by extensions ['ignore', 'ignore_ament_install']
[0.236s] Level 1:colcon.colcon_core.package_identification:_identify(build) by extension 'ignore'
[0.236s] Level 1:colcon.colcon_core.package_identification:_identify(build) ignored
[0.237s] Level 1:colcon.colcon_core.package_identification:_identify(install) by extensions ['ignore', 'ignore_ament_install']
[0.237s] Level 1:colcon.colcon_core.package_identification:_identify(install) by extension 'ignore'
[0.237s] Level 1:colcon.colcon_core.package_identification:_identify(install) ignored
[0.237s] Level 1:colcon.colcon_core.package_identification:_identify(log) by extensions ['ignore', 'ignore_ament_install']
[0.237s] Level 1:colcon.colcon_core.package_identification:_identify(log) by extension 'ignore'
[0.237s] Level 1:colcon.colcon_core.package_identification:_identify(log) ignored
[0.237s] Level 1:colcon.colcon_core.package_identification:_identify(src) by extensions ['ignore', 'ignore_ament_install']
[0.237s] Level 1:colcon.colcon_core.package_identification:_identify(src) by extension 'ignore'
[0.237s] Level 1:colcon.colcon_core.package_identification:_identify(src) by extension 'ignore_ament_install'
[0.237s] Level 1:colcon.colcon_core.package_identification:_identify(src) by extensions ['colcon_pkg']
[0.237s] Level 1:colcon.colcon_core.package_identification:_identify(src) by extension 'colcon_pkg'
[0.237s] Level 1:colcon.colcon_core.package_identification:_identify(src) by extensions ['colcon_meta']
[0.237s] Level 1:colcon.colcon_core.package_identification:_identify(src) by extension 'colcon_meta'
[0.238s] Level 1:colcon.colcon_core.package_identification:_identify(src) by extensions ['ros']
[0.238s] Level 1:colcon.colcon_core.package_identification:_identify(src) by extension 'ros'
[0.238s] Level 1:colcon.colcon_core.package_identification:_identify(src) by extensions ['cmake', 'python']
[0.238s] Level 1:colcon.colcon_core.package_identification:_identify(src) by extension 'cmake'
[0.238s] Level 1:colcon.colcon_core.package_identification:_identify(src) by extension 'python'
[0.238s] Level 1:colcon.colcon_core.package_identification:_identify(src) by extensions ['python_setup_py']
[0.238s] Level 1:colcon.colcon_core.package_identification:_identify(src) by extension 'python_setup_py'
[0.238s] Level 1:colcon.colcon_core.package_identification:_identify(src/build) by extensions ['ignore', 'ignore_ament_install']
[0.238s] Level 1:colcon.colcon_core.package_identification:_identify(src/build) by extension 'ignore'
[0.238s] Level 1:colcon.colcon_core.package_identification:_identify(src/build) ignored
[0.239s] Level 1:colcon.colcon_core.package_identification:_identify(src/install) by extensions ['ignore', 'ignore_ament_install']
[0.239s] Level 1:colcon.colcon_core.package_identification:_identify(src/install) by extension 'ignore'
[0.239s] Level 1:colcon.colcon_core.package_identification:_identify(src/install) ignored
[0.239s] Level 1:colcon.colcon_core.package_identification:_identify(src/log) by extensions ['ignore', 'ignore_ament_install']
[0.239s] Level 1:colcon.colcon_core.package_identification:_identify(src/log) by extension 'ignore'
[0.239s] Level 1:colcon.colcon_core.package_identification:_identify(src/log) ignored
[0.240s] Level 1:colcon.colcon_core.package_identification:_identify(src/task1_first_try) by extensions ['ignore', 'ignore_ament_install']
[0.240s] Level 1:colcon.colcon_core.package_identification:_identify(src/task1_first_try) by extension 'ignore'
[0.240s] Level 1:colcon.colcon_core.package_identification:_identify(src/task1_first_try) by extension 'ignore_ament_install'
[0.240s] Level 1:colcon.colcon_core.package_identification:_identify(src/task1_first_try) by extensions ['colcon_pkg']
[0.240s] Level 1:colcon.colcon_core.package_identification:_identify(src/task1_first_try) by extension 'colcon_pkg'
[0.240s] Level 1:colcon.colcon_core.package_identification:_identify(src/task1_first_try) by extensions ['colcon_meta']
[0.240s] Level 1:colcon.colcon_core.package_identification:_identify(src/task1_first_try) by extension 'colcon_meta'
[0.240s] Level 1:colcon.colcon_core.package_identification:_identify(src/task1_first_try) by extensions ['ros']
[0.240s] Level 1:colcon.colcon_core.package_identification:_identify(src/task1_first_try) by extension 'ros'
[0.243s] DEBUG:colcon.colcon_core.package_identification:Package 'src/task1_first_try' with type 'ros.ament_python' and name 'task1_first_try'
[0.243s] Level 1:colcon.colcon_core.package_identification:_identify(src/task2) by extensions ['ignore', 'ignore_ament_install']
[0.243s] Level 1:colcon.colcon_core.package_identification:_identify(src/task2) by extension 'ignore'
[0.243s] Level 1:colcon.colcon_core.package_identification:_identify(src/task2) by extension 'ignore_ament_install'
[0.243s] Level 1:colcon.colcon_core.package_identification:_identify(src/task2) by extensions ['colcon_pkg']
[0.243s] Level 1:colcon.colcon_core.package_identification:_identify(src/task2) by extension 'colcon_pkg'
[0.243s] Level 1:colcon.colcon_core.package_identification:_identify(src/task2) by extensions ['colcon_meta']
[0.243s] Level 1:colcon.colcon_core.package_identification:_identify(src/task2) by extension 'colcon_meta'
[0.243s] Level 1:colcon.colcon_core.package_identification:_identify(src/task2) by extensions ['ros']
[0.243s] Level 1:colcon.colcon_core.package_identification:_identify(src/task2) by extension 'ros'
[0.244s] DEBUG:colcon.colcon_core.package_identification:Package 'src/task2' with type 'ros.ament_python' and name 'task2'
[0.244s] Level 1:colcon.colcon_core.package_identification:_identify(src/task4) by extensions ['ignore', 'ignore_ament_install']
[0.244s] Level 1:colcon.colcon_core.package_identification:_identify(src/task4) by extension 'ignore'
[0.244s] Level 1:colcon.colcon_core.package_identification:_identify(src/task4) by extension 'ignore_ament_install'
[0.244s] Level 1:colcon.colcon_core.package_identification:_identify(src/task4) by extensions ['colcon_pkg']
[0.244s] Level 1:colcon.colcon_core.package_identification:_identify(src/task4) by extension 'colcon_pkg'
[0.244s] Level 1:colcon.colcon_core.package_identification:_identify(src/task4) by extensions ['colcon_meta']
[0.244s] Level 1:colcon.colcon_core.package_identification:_identify(src/task4) by extension 'colcon_meta'
[0.244s] Level 1:colcon.colcon_core.package_identification:_identify(src/task4) by extensions ['ros']
[0.244s] Level 1:colcon.colcon_core.package_identification:_identify(src/task4) by extension 'ros'
[0.245s] DEBUG:colcon.colcon_core.package_identification:Package 'src/task4' with type 'ros.ament_python' and name 'task4'
[0.245s] Level 1:colcon.colcon_core.package_discovery:discover_packages(recursive) using defaults
[0.245s] Level 1:colcon.colcon_core.package_discovery:discover_packages(ignore) discover
[0.245s] Level 1:colcon.colcon_core.package_discovery:discover_packages(ignore) using defaults
[0.245s] Level 1:colcon.colcon_core.package_discovery:discover_packages(path) discover
[0.245s] Level 1:colcon.colcon_core.package_discovery:discover_packages(path) using defaults
[0.261s] Level 1:colcon.colcon_core.package_discovery:discover_packages(prefix_path) check parameters
[0.261s] Level 1:colcon.colcon_core.package_discovery:discover_packages(prefix_path) discover
[0.264s] DEBUG:colcon.colcon_installed_package_information.package_discovery:Found 271 installed packages in /opt/ros/humble
[0.269s] Level 1:colcon.colcon_core.package_discovery:discover_packages(prefix_path) using defaults
[0.291s] Level 5:colcon.colcon_core.verb:set package 'task1_first_try' build argument 'cmake_args' from command line to 'None'
[0.291s] Level 5:colcon.colcon_core.verb:set package 'task1_first_try' build argument 'cmake_target' from command line to 'None'
[0.291s] Level 5:colcon.colcon_core.verb:set package 'task1_first_try' build argument 'cmake_target_skip_unavailable' from command line to 'False'
[0.291s] Level 5:colcon.colcon_core.verb:set package 'task1_first_try' build argument 'cmake_clean_cache' from command line to 'False'
[0.292s] Level 5:colcon.colcon_core.verb:set package 'task1_first_try' build argument 'cmake_clean_first' from command line to 'False'
[0.292s] Level 5:colcon.colcon_core.verb:set package 'task1_first_try' build argument 'cmake_force_configure' from command line to 'False'
[0.292s] Level 5:colcon.colcon_core.verb:set package 'task1_first_try' build argument 'ament_cmake_args' from command line to 'None'
[0.292s] Level 5:colcon.colcon_core.verb:set package 'task1_first_try' build argument 'catkin_cmake_args' from command line to 'None'
[0.292s] Level 5:colcon.colcon_core.verb:set package 'task1_first_try' build argument 'catkin_skip_building_tests' from command line to 'False'
[0.292s] DEBUG:colcon.colcon_core.verb:Building package 'task1_first_try' with the following arguments: {'ament_cmake_args': None, 'build_base': '/home/ubuntu/ubuntu_ros2/ros2_ws/build/task1_first_try', 'catkin_cmake_args': None, 'catkin_skip_building_tests': False, 'cmake_args': None, 'cmake_clean_cache': False, 'cmake_clean_first': False, 'cmake_force_configure': False, 'cmake_target': None, 'cmake_target_skip_unavailable': False, 'install_base': '/home/ubuntu/ubuntu_ros2/ros2_ws/install/task1_first_try', 'merge_install': False, 'path': '/home/ubuntu/ubuntu_ros2/ros2_ws/src/task1_first_try', 'symlink_install': False, 'test_result_base': None}
[0.292s] Level 5:colcon.colcon_core.verb:set package 'task2' build argument 'cmake_args' from command line to 'None'
[0.292s] Level 5:colcon.colcon_core.verb:set package 'task2' build argument 'cmake_target' from command line to 'None'
[0.292s] Level 5:colcon.colcon_core.verb:set package 'task2' build argument 'cmake_target_skip_unavailable' from command line to 'False'
[0.292s] Level 5:colcon.colcon_core.verb:set package 'task2' build argument 'cmake_clean_cache' from command line to 'False'
[0.292s] Level 5:colcon.colcon_core.verb:set package 'task2' build argument 'cmake_clean_first' from command line to 'False'
[0.292s] Level 5:colcon.colcon_core.verb:set package 'task2' build argument 'cmake_force_configure' from command line to 'False'
[0.292s] Level 5:colcon.colcon_core.verb:set package 'task2' build argument 'ament_cmake_args' from command line to 'None'
[0.292s] Level 5:colcon.colcon_core.verb:set package 'task2' build argument 'catkin_cmake_args' from command line to 'None'
[0.292s] Level 5:colcon.colcon_core.verb:set package 'task2' build argument 'catkin_skip_building_tests' from command line to 'False'
[0.292s] DEBUG:colcon.colcon_core.verb:Building package 'task2' with the following arguments: {'ament_cmake_args': None, 'build_base': '/home/ubuntu/ubuntu_ros2/ros2_ws/build/task2', 'catkin_cmake_args': None, 'catkin_skip_building_tests': False, 'cmake_args': None, 'cmake_clean_cache': False, 'cmake_clean_first': False, 'cmake_force_configure': False, 'cmake_target': None, 'cmake_target_skip_unavailable': False, 'install_base': '/home/ubuntu/ubuntu_ros2/ros2_ws/install/task2', 'merge_install': False, 'path': '/home/ubuntu/ubuntu_ros2/ros2_ws/src/task2', 'symlink_install': False, 'test_result_base': None}
[0.293s] Level 5:colcon.colcon_core.verb:set package 'task4' build argument 'cmake_args' from command line to 'None'
[0.293s] Level 5:colcon.colcon_core.verb:set package 'task4' build argument 'cmake_target' from command line to 'None'
[0.293s] Level 5:colcon.colcon_core.verb:set package 'task4' build argument 'cmake_target_skip_unavailable' from command line to 'False'
[0.293s] Level 5:colcon.colcon_core.verb:set package 'task4' build argument 'cmake_clean_cache' from command line to 'False'
[0.293s] Level 5:colcon.colcon_core.verb:set package 'task4' build argument 'cmake_clean_first' from command line to 'False'
[0.293s] Level 5:colcon.colcon_core.verb:set package 'task4' build argument 'cmake_force_configure' from command line to 'False'
[0.293s] Level 5:colcon.colcon_core.verb:set package 'task4' build argument 'ament_cmake_args' from command line to 'None'
[0.293s] Level 5:colcon.colcon_core.verb:set package 'task4' build argument 'catkin_cmake_args' from command line to 'None'
[0.293s] Level 5:colcon.colcon_core.verb:set package 'task4' build argument 'catkin_skip_building_tests' from command line to 'False'
[0.293s] DEBUG:colcon.colcon_core.verb:Building package 'task4' with the following arguments: {'ament_cmake_args': None, 'build_base': '/home/ubuntu/ubuntu_ros2/ros2_ws/build/task4', 'catkin_cmake_args': None, 'catkin_skip_building_tests': False, 'cmake_args': None, 'cmake_clean_cache': False, 'cmake_clean_first': False, 'cmake_force_configure': False, 'cmake_target': None, 'cmake_target_skip_unavailable': False, 'install_base': '/home/ubuntu/ubuntu_ros2/ros2_ws/install/task4', 'merge_install': False, 'path': '/home/ubuntu/ubuntu_ros2/ros2_ws/src/task4', 'symlink_install': False, 'test_result_base': None}
[0.293s] INFO:colcon.colcon_core.executor:Executing jobs using 'parallel' executor
[0.294s] DEBUG:colcon.colcon_parallel_executor.executor.parallel:run_until_complete
[0.294s] INFO:colcon.colcon_ros.task.ament_python.build:Building ROS package in '/home/ubuntu/ubuntu_ros2/ros2_ws/src/task1_first_try' with build type 'ament_python'
[0.294s] Level 1:colcon.colcon_core.shell:create_environment_hook('task1_first_try', 'ament_prefix_path')
[0.298s] INFO:colcon.colcon_core.plugin_system:Skipping extension 'colcon_core.shell.bat': Not used on non-Windows systems
[0.298s] INFO:colcon.colcon_core.shell:Creating environment hook '/home/ubuntu/ubuntu_ros2/ros2_ws/install/task1_first_try/share/task1_first_try/hook/ament_prefix_path.ps1'
[0.299s] INFO:colcon.colcon_core.shell:Creating environment descriptor '/home/ubuntu/ubuntu_ros2/ros2_ws/install/task1_first_try/share/task1_first_try/hook/ament_prefix_path.dsv'
[0.300s] INFO:colcon.colcon_core.shell:Creating environment hook '/home/ubuntu/ubuntu_ros2/ros2_ws/install/task1_first_try/share/task1_first_try/hook/ament_prefix_path.sh'
[0.300s] INFO:colcon.colcon_core.shell:Skip shell extension 'powershell' for command environment: Not usable outside of PowerShell
[0.300s] DEBUG:colcon.colcon_core.shell:Skip shell extension 'dsv' for command environment
[0.302s] INFO:colcon.colcon_ros.task.ament_python.build:Building ROS package in '/home/ubuntu/ubuntu_ros2/ros2_ws/src/task2' with build type 'ament_python'
[0.302s] Level 1:colcon.colcon_core.shell:create_environment_hook('task2', 'ament_prefix_path')
[0.302s] INFO:colcon.colcon_core.shell:Creating environment hook '/home/ubuntu/ubuntu_ros2/ros2_ws/install/task2/share/task2/hook/ament_prefix_path.ps1'
[0.304s] INFO:colcon.colcon_core.shell:Creating environment descriptor '/home/ubuntu/ubuntu_ros2/ros2_ws/install/task2/share/task2/hook/ament_prefix_path.dsv'
[0.304s] INFO:colcon.colcon_core.shell:Creating environment hook '/home/ubuntu/ubuntu_ros2/ros2_ws/install/task2/share/task2/hook/ament_prefix_path.sh'
[0.305s] INFO:colcon.colcon_core.shell:Skip shell extension 'powershell' for command environment: Not usable outside of PowerShell
[0.305s] DEBUG:colcon.colcon_core.shell:Skip shell extension 'dsv' for command environment
[0.306s] INFO:colcon.colcon_ros.task.ament_python.build:Building ROS package in '/home/ubuntu/ubuntu_ros2/ros2_ws/src/task4' with build type 'ament_python'
[0.306s] Level 1:colcon.colcon_core.shell:create_environment_hook('task4', 'ament_prefix_path')
[0.307s] INFO:colcon.colcon_core.shell:Creating environment hook '/home/ubuntu/ubuntu_ros2/ros2_ws/install/task4/share/task4/hook/ament_prefix_path.ps1'
[0.308s] INFO:colcon.colcon_core.shell:Creating environment descriptor '/home/ubuntu/ubuntu_ros2/ros2_ws/install/task4/share/task4/hook/ament_prefix_path.dsv'
[0.309s] INFO:colcon.colcon_core.shell:Creating environment hook '/home/ubuntu/ubuntu_ros2/ros2_ws/install/task4/share/task4/hook/ament_prefix_path.sh'
[0.309s] INFO:colcon.colcon_core.shell:Skip shell extension 'powershell' for command environment: Not usable outside of PowerShell
[0.309s] DEBUG:colcon.colcon_core.shell:Skip shell extension 'dsv' for command environment
[0.417s] INFO:colcon.colcon_core.task.python.build:Building Python package in '/home/ubuntu/ubuntu_ros2/ros2_ws/src/task1_first_try'
[0.417s] INFO:colcon.colcon_core.shell:Skip shell extension 'powershell' for command environment: Not usable outside of PowerShell
[0.417s] DEBUG:colcon.colcon_core.shell:Skip shell extension 'dsv' for command environment
[0.546s] INFO:colcon.colcon_core.task.python.build:Building Python package in '/home/ubuntu/ubuntu_ros2/ros2_ws/src/task2'
[0.546s] INFO:colcon.colcon_core.shell:Skip shell extension 'powershell' for command environment: Not usable outside of PowerShell
[0.546s] DEBUG:colcon.colcon_core.shell:Skip shell extension 'dsv' for command environment
[0.651s] INFO:colcon.colcon_core.task.python.build:Building Python package in '/home/ubuntu/ubuntu_ros2/ros2_ws/src/task4'
[0.652s] INFO:colcon.colcon_core.shell:Skip shell extension 'powershell' for command environment: Not usable outside of PowerShell
[0.652s] DEBUG:colcon.colcon_core.shell:Skip shell extension 'dsv' for command environment
[0.855s] DEBUG:colcon.colcon_core.event_handler.log_command:Invoking command in '/home/ubuntu/ubuntu_ros2/ros2_ws/src/task2': PYTHONPATH=/home/ubuntu/ubuntu_ros2/ros2_ws/build/task2/prefix_override:/usr/lib/python3/dist-packages/colcon_core/task/python/colcon_distutils_commands:/home/ubuntu/ubuntu_ros2/ros2_ws/install/task2/lib/python3.10/site-packages:${PYTHONPATH} /usr/bin/python3 -W ignore:setup.py install is deprecated -W ignore:easy_install command is deprecated setup.py egg_info --egg-base ../../build/task2 build --build-base /home/ubuntu/ubuntu_ros2/ros2_ws/build/task2/build install --record /home/ubuntu/ubuntu_ros2/ros2_ws/build/task2/install.log --single-version-externally-managed install_data
[0.857s] DEBUG:colcon.colcon_core.event_handler.log_command:Invoking command in '/home/ubuntu/ubuntu_ros2/ros2_ws/src/task1_first_try': PYTHONPATH=/home/ubuntu/ubuntu_ros2/ros2_ws/build/task1_first_try/prefix_override:/usr/lib/python3/dist-packages/colcon_core/task/python/colcon_distutils_commands:/home/ubuntu/ubuntu_ros2/ros2_ws/install/task1_first_try/lib/python3.10/site-packages:${PYTHONPATH} /usr/bin/python3 -W ignore:setup.py install is deprecated -W ignore:easy_install command is deprecated setup.py egg_info --egg-base ../../build/task1_first_try build --build-base /home/ubuntu/ubuntu_ros2/ros2_ws/build/task1_first_try/build install --record /home/ubuntu/ubuntu_ros2/ros2_ws/build/task1_first_try/install.log --single-version-externally-managed install_data
[0.859s] DEBUG:colcon.colcon_core.event_handler.log_command:Invoking command in '/home/ubuntu/ubuntu_ros2/ros2_ws/src/task4': PYTHONPATH=/home/ubuntu/ubuntu_ros2/ros2_ws/build/task4/prefix_override:/usr/lib/python3/dist-packages/colcon_core/task/python/colcon_distutils_commands:/home/ubuntu/ubuntu_ros2/ros2_ws/install/task4/lib/python3.10/site-packages:${PYTHONPATH} /usr/bin/python3 -W ignore:setup.py install is deprecated -W ignore:easy_install command is deprecated setup.py egg_info --egg-base ../../build/task4 build --build-base /home/ubuntu/ubuntu_ros2/ros2_ws/build/task4/build install --record /home/ubuntu/ubuntu_ros2/ros2_ws/build/task4/install.log --single-version-externally-managed install_data
[1.021s] DEBUG:colcon.colcon_core.event_handler.log_command:Invoked command in '/home/ubuntu/ubuntu_ros2/ros2_ws/src/task2' returned '0': PYTHONPATH=/home/ubuntu/ubuntu_ros2/ros2_ws/build/task2/prefix_override:/usr/lib/python3/dist-packages/colcon_core/task/python/colcon_distutils_commands:/home/ubuntu/ubuntu_ros2/ros2_ws/install/task2/lib/python3.10/site-packages:${PYTHONPATH} /usr/bin/python3 -W ignore:setup.py install is deprecated -W ignore:easy_install command is deprecated setup.py egg_info --egg-base ../../build/task2 build --build-base /home/ubuntu/ubuntu_ros2/ros2_ws/build/task2/build install --record /home/ubuntu/ubuntu_ros2/ros2_ws/build/task2/install.log --single-version-externally-managed install_data
[1.024s] Level 1:colcon.colcon_core.environment:checking '/home/ubuntu/ubuntu_ros2/ros2_ws/install/task2' for CMake module files
[1.025s] Level 1:colcon.colcon_core.environment:checking '/home/ubuntu/ubuntu_ros2/ros2_ws/install/task2' for CMake config files
[1.028s] Level 1:colcon.colcon_core.environment:checking '/home/ubuntu/ubuntu_ros2/ros2_ws/install/task2/lib'
[1.029s] Level 1:colcon.colcon_core.environment:checking '/home/ubuntu/ubuntu_ros2/ros2_ws/install/task2/bin'
[1.029s] Level 1:colcon.colcon_core.environment:checking '/home/ubuntu/ubuntu_ros2/ros2_ws/install/task2/lib/pkgconfig/task2.pc'
[1.029s] Level 1:colcon.colcon_core.environment:checking '/home/ubuntu/ubuntu_ros2/ros2_ws/install/task2/lib/python3.10/site-packages'
[1.029s] Level 1:colcon.colcon_core.shell:create_environment_hook('task2', 'pythonpath')
[1.029s] INFO:colcon.colcon_core.shell:Creating environment hook '/home/ubuntu/ubuntu_ros2/ros2_ws/install/task2/share/task2/hook/pythonpath.ps1'
[1.034s] INFO:colcon.colcon_core.shell:Creating environment descriptor '/home/ubuntu/ubuntu_ros2/ros2_ws/install/task2/share/task2/hook/pythonpath.dsv'
[1.035s] INFO:colcon.colcon_core.shell:Creating environment hook '/home/ubuntu/ubuntu_ros2/ros2_ws/install/task2/share/task2/hook/pythonpath.sh'
[1.037s] Level 1:colcon.colcon_core.environment:checking '/home/ubuntu/ubuntu_ros2/ros2_ws/install/task2/bin'
[1.038s] Level 1:colcon.colcon_core.environment:create_environment_scripts_only(task2)
[1.039s] INFO:colcon.colcon_core.shell:Creating package script '/home/ubuntu/ubuntu_ros2/ros2_ws/install/task2/share/task2/package.ps1'
[1.039s] INFO:colcon.colcon_core.shell:Creating package descriptor '/home/ubuntu/ubuntu_ros2/ros2_ws/install/task2/share/task2/package.dsv'
[1.040s] INFO:colcon.colcon_core.shell:Creating package script '/home/ubuntu/ubuntu_ros2/ros2_ws/install/task2/share/task2/package.sh'
[1.041s] INFO:colcon.colcon_core.shell:Creating package script '/home/ubuntu/ubuntu_ros2/ros2_ws/install/task2/share/task2/package.bash'
[1.043s] INFO:colcon.colcon_core.shell:Creating package script '/home/ubuntu/ubuntu_ros2/ros2_ws/install/task2/share/task2/package.zsh'
[1.044s] Level 1:colcon.colcon_core.environment:create_file_with_runtime_dependencies(/home/ubuntu/ubuntu_ros2/ros2_ws/install/task2/share/colcon-core/packages/task2)
[1.050s] Level 1:colcon.colcon_core.environment:checking '/home/ubuntu/ubuntu_ros2/ros2_ws/install/task1_first_try' for CMake module files
[1.051s] DEBUG:colcon.colcon_core.event_handler.log_command:Invoked command in '/home/ubuntu/ubuntu_ros2/ros2_ws/src/task1_first_try' returned '0': PYTHONPATH=/home/ubuntu/ubuntu_ros2/ros2_ws/build/task1_first_try/prefix_override:/usr/lib/python3/dist-packages/colcon_core/task/python/colcon_distutils_commands:/home/ubuntu/ubuntu_ros2/ros2_ws/install/task1_first_try/lib/python3.10/site-packages:${PYTHONPATH} /usr/bin/python3 -W ignore:setup.py install is deprecated -W ignore:easy_install command is deprecated setup.py egg_info --egg-base ../../build/task1_first_try build --build-base /home/ubuntu/ubuntu_ros2/ros2_ws/build/task1_first_try/build install --record /home/ubuntu/ubuntu_ros2/ros2_ws/build/task1_first_try/install.log --single-version-externally-managed install_data
[1.052s] Level 1:colcon.colcon_core.environment:checking '/home/ubuntu/ubuntu_ros2/ros2_ws/install/task1_first_try' for CMake config files
[1.054s] Level 1:colcon.colcon_core.environment:checking '/home/ubuntu/ubuntu_ros2/ros2_ws/install/task1_first_try/lib'
[1.055s] Level 1:colcon.colcon_core.environment:checking '/home/ubuntu/ubuntu_ros2/ros2_ws/install/task1_first_try/bin'
[1.055s] Level 1:colcon.colcon_core.environment:checking '/home/ubuntu/ubuntu_ros2/ros2_ws/install/task1_first_try/lib/pkgconfig/task1_first_try.pc'
[1.055s] Level 1:colcon.colcon_core.environment:checking '/home/ubuntu/ubuntu_ros2/ros2_ws/install/task1_first_try/lib/python3.10/site-packages'
[1.055s] Level 1:colcon.colcon_core.shell:create_environment_hook('task1_first_try', 'pythonpath')
[1.055s] INFO:colcon.colcon_core.shell:Creating environment hook '/home/ubuntu/ubuntu_ros2/ros2_ws/install/task1_first_try/share/task1_first_try/hook/pythonpath.ps1'
[1.055s] INFO:colcon.colcon_core.shell:Creating environment descriptor '/home/ubuntu/ubuntu_ros2/ros2_ws/install/task1_first_try/share/task1_first_try/hook/pythonpath.dsv'
[1.056s] INFO:colcon.colcon_core.shell:Creating environment hook '/home/ubuntu/ubuntu_ros2/ros2_ws/install/task1_first_try/share/task1_first_try/hook/pythonpath.sh'
[1.056s] Level 1:colcon.colcon_core.environment:checking '/home/ubuntu/ubuntu_ros2/ros2_ws/install/task1_first_try/bin'
[1.056s] Level 1:colcon.colcon_core.environment:create_environment_scripts_only(task1_first_try)
[1.057s] INFO:colcon.colcon_core.shell:Creating package script '/home/ubuntu/ubuntu_ros2/ros2_ws/install/task1_first_try/share/task1_first_try/package.ps1'
[1.057s] INFO:colcon.colcon_core.shell:Creating package descriptor '/home/ubuntu/ubuntu_ros2/ros2_ws/install/task1_first_try/share/task1_first_try/package.dsv'
[1.057s] INFO:colcon.colcon_core.shell:Creating package script '/home/ubuntu/ubuntu_ros2/ros2_ws/install/task1_first_try/share/task1_first_try/package.sh'
[1.058s] INFO:colcon.colcon_core.shell:Creating package script '/home/ubuntu/ubuntu_ros2/ros2_ws/install/task1_first_try/share/task1_first_try/package.bash'
[1.058s] INFO:colcon.colcon_core.shell:Creating package script '/home/ubuntu/ubuntu_ros2/ros2_ws/install/task1_first_try/share/task1_first_try/package.zsh'
[1.058s] Level 1:colcon.colcon_core.environment:create_file_with_runtime_dependencies(/home/ubuntu/ubuntu_ros2/ros2_ws/install/task1_first_try/share/colcon-core/packages/task1_first_try)
[1.059s] Level 1:colcon.colcon_core.environment:checking '/home/ubuntu/ubuntu_ros2/ros2_ws/install/task4' for CMake module files
[1.060s] DEBUG:colcon.colcon_core.event_handler.log_command:Invoked command in '/home/ubuntu/ubuntu_ros2/ros2_ws/src/task4' returned '0': PYTHONPATH=/home/ubuntu/ubuntu_ros2/ros2_ws/build/task4/prefix_override:/usr/lib/python3/dist-packages/colcon_core/task/python/colcon_distutils_commands:/home/ubuntu/ubuntu_ros2/ros2_ws/install/task4/lib/python3.10/site-packages:${PYTHONPATH} /usr/bin/python3 -W ignore:setup.py install is deprecated -W ignore:easy_install command is deprecated setup.py egg_info --egg-base ../../build/task4 build --build-base /home/ubuntu/ubuntu_ros2/ros2_ws/build/task4/build install --record /home/ubuntu/ubuntu_ros2/ros2_ws/build/task4/install.log --single-version-externally-managed install_data
[1.060s] Level 1:colcon.colcon_core.environment:checking '/home/ubuntu/ubuntu_ros2/ros2_ws/install/task4' for CMake config files
[1.062s] Level 1:colcon.colcon_core.environment:checking '/home/ubuntu/ubuntu_ros2/ros2_ws/install/task4/lib'
[1.062s] Level 1:colcon.colcon_core.environment:checking '/home/ubuntu/ubuntu_ros2/ros2_ws/install/task4/bin'
[1.062s] Level 1:colcon.colcon_core.environment:checking '/home/ubuntu/ubuntu_ros2/ros2_ws/install/task4/lib/pkgconfig/task4.pc'
[1.062s] Level 1:colcon.colcon_core.environment:checking '/home/ubuntu/ubuntu_ros2/ros2_ws/install/task4/lib/python3.10/site-packages'
[1.062s] Level 1:colcon.colcon_core.shell:create_environment_hook('task4', 'pythonpath')
[1.062s] INFO:colcon.colcon_core.shell:Creating environment hook '/home/ubuntu/ubuntu_ros2/ros2_ws/install/task4/share/task4/hook/pythonpath.ps1'
[1.063s] INFO:colcon.colcon_core.shell:Creating environment descriptor '/home/ubuntu/ubuntu_ros2/ros2_ws/install/task4/share/task4/hook/pythonpath.dsv'
[1.063s] INFO:colcon.colcon_core.shell:Creating environment hook '/home/ubuntu/ubuntu_ros2/ros2_ws/install/task4/share/task4/hook/pythonpath.sh'
[1.064s] Level 1:colcon.colcon_core.environment:checking '/home/ubuntu/ubuntu_ros2/ros2_ws/install/task4/bin'
[1.064s] Level 1:colcon.colcon_core.environment:create_environment_scripts_only(task4)
[1.064s] INFO:colcon.colcon_core.shell:Creating package script '/home/ubuntu/ubuntu_ros2/ros2_ws/install/task4/share/task4/package.ps1'
[1.064s] INFO:colcon.colcon_core.shell:Creating package descriptor '/home/ubuntu/ubuntu_ros2/ros2_ws/install/task4/share/task4/package.dsv'
[1.065s] INFO:colcon.colcon_core.shell:Creating package script '/home/ubuntu/ubuntu_ros2/ros2_ws/install/task4/share/task4/package.sh'
[1.065s] INFO:colcon.colcon_core.shell:Creating package script '/home/ubuntu/ubuntu_ros2/ros2_ws/install/task4/share/task4/package.bash'
[1.066s] INFO:colcon.colcon_core.shell:Creating package script '/home/ubuntu/ubuntu_ros2/ros2_ws/install/task4/share/task4/package.zsh'
[1.067s] Level 1:colcon.colcon_core.environment:create_file_with_runtime_dependencies(/home/ubuntu/ubuntu_ros2/ros2_ws/install/task4/share/colcon-core/packages/task4)
[1.067s] DEBUG:colcon.colcon_parallel_executor.executor.parallel:closing loop
[1.068s] DEBUG:colcon.colcon_parallel_executor.executor.parallel:loop closed
[1.068s] DEBUG:colcon.colcon_parallel_executor.executor.parallel:run_until_complete finished with '0'
[1.068s] DEBUG:colcon.colcon_core.event_reactor:joining thread
[1.073s] INFO:colcon.colcon_core.plugin_system:Skipping extension 'colcon_notification.desktop_notification.terminal_notifier': Not used on non-Darwin systems
[1.073s] INFO:colcon.colcon_core.plugin_system:Skipping extension 'colcon_notification.desktop_notification.win32': Not used on non-Windows systems
[1.073s] INFO:colcon.colcon_notification.desktop_notification:Sending desktop notification using 'notify2'
[1.148s] DEBUG:colcon.colcon_core.event_reactor:joined thread
[1.148s] INFO:colcon.colcon_core.shell:Creating prefix script '/home/ubuntu/ubuntu_ros2/ros2_ws/install/local_setup.ps1'
[1.149s] INFO:colcon.colcon_core.shell:Creating prefix util module '/home/ubuntu/ubuntu_ros2/ros2_ws/install/_local_setup_util_ps1.py'
[1.151s] INFO:colcon.colcon_core.shell:Creating prefix chain script '/home/ubuntu/ubuntu_ros2/ros2_ws/install/setup.ps1'
[1.152s] INFO:colcon.colcon_core.shell:Creating prefix script '/home/ubuntu/ubuntu_ros2/ros2_ws/install/local_setup.sh'
[1.153s] INFO:colcon.colcon_core.shell:Creating prefix util module '/home/ubuntu/ubuntu_ros2/ros2_ws/install/_local_setup_util_sh.py'
[1.153s] INFO:colcon.colcon_core.shell:Creating prefix chain script '/home/ubuntu/ubuntu_ros2/ros2_ws/install/setup.sh'
[1.154s] INFO:colcon.colcon_core.shell:Creating prefix script '/home/ubuntu/ubuntu_ros2/ros2_ws/install/local_setup.bash'
[1.154s] INFO:colcon.colcon_core.shell:Creating prefix chain script '/home/ubuntu/ubuntu_ros2/ros2_ws/install/setup.bash'
[1.155s] INFO:colcon.colcon_core.shell:Creating prefix script '/home/ubuntu/ubuntu_ros2/ros2_ws/install/local_setup.zsh'
[1.155s] INFO:colcon.colcon_core.shell:Creating prefix chain script '/home/ubuntu/ubuntu_ros2/ros2_ws/install/setup.zsh'
