[0.000000] (-) TimerEvent: {}
[0.000195] (task1_first_try) JobQueued: {'identifier': 'task1_first_try', 'dependencies': OrderedDict()}
[0.000296] (task1_first_try) JobStarted: {'identifier': 'task1_first_try'}
[0.098692] (-) TimerEvent: {}
[0.199697] (-) TimerEvent: {}
[0.268688] (task1_first_try) Command: {'cmd': ['/usr/bin/python3', '-W', 'ignore:setup.py install is deprecated', '-W', 'ignore:easy_install command is deprecated', 'setup.py', 'egg_info', '--egg-base', '../../build/task1_first_try', 'build', '--build-base', '/home/ubuntu/ros2_ws/build/task1_first_try/build', 'install', '--record', '/home/ubuntu/ros2_ws/build/task1_first_try/install.log', '--single-version-externally-managed', 'install_data'], 'cwd': '/home/ubuntu/ros2_ws/src/task1_first_try', 'env': {'VNCDESKTOP': '68999bde037d:1 (ubuntu)', 'QT_SCALE_FACTOR': '1', 'USER': 'ubuntu', 'SUPERVISOR_GROUP_NAME': 'vnc', 'HOSTNAME': '68999bde037d', 'XDG_SESSION_TYPE': 'x11', 'SHLVL': '2', 'LD_LIBRARY_PATH': '/opt/ros/humble/opt/rviz_ogre_vendor/lib:/opt/ros/humble/lib/aarch64-linux-gnu:/opt/ros/humble/lib', 'HOME': '/home/ubuntu', 'OLDPWD': '/', 'GIO_LAUNCHED_DESKTOP_FILE': '/home/ubuntu/Desktop/terminator.desktop', 'ROS_PYTHON_VERSION': '3', 'LC_CTYPE': 'C.UTF-8', 'DBUS_SESSION_BUS_ADDRESS': 'unix:abstract=/tmp/dbus-y0STFTsBsX,guid=75099970789b0ff825d0c9d66920365b', 'COLORTERM': 'truecolor', 'TERMINATOR_DBUS_NAME': 'net.tenshu.Terminator23558193cd9818af7fe4d2c2f5bd9d00f', 'GIO_LAUNCHED_DESKTOP_FILE_PID': '721', 'GNOME_KEYRING_CONTROL': '/home/ubuntu/.cache/keyring-J50SG3', 'ROS_DISTRO': 'humble', '_': '/usr/bin/colcon', 'ROS_VERSION': '2', 'XDG_SESSION_CLASS': 'user', 'TERM': 'xterm-256color', 'GTK_OVERLAY_SCROLLING': '0', 'ROS_LOCALHOST_ONLY': '0', 'INSIDE_CAJA_PYTHON': '', 'PATH': '/opt/ros/humble/bin:/usr/local/sbin:/usr/local/bin:/usr/sbin:/usr/bin:/sbin:/bin', 'SESSION_MANAGER': 'local/68999bde037d:@/tmp/.ICE-unix/73,unix/68999bde037d:/tmp/.ICE-unix/73', 'DISPLAY': ':1', 'TERMINATOR_DBUS_PATH': '/net/tenshu/Terminator2', 'LD_PRELOAD': '/lib/aarch64-linux-gnu/libgcc_s.so.1', 'XDG_CURRENT_DESKTOP': 'MATE', 'SUPERVISOR_ENABLED': '1', 'SSH_AUTH_SOCK': '/home/ubuntu/.cache/keyring-J50SG3/ssh', 'AMENT_PREFIX_PATH': '/opt/ros/humble', 'TERMINATOR_UUID': 'urn:uuid:0f4f6c17-a0ee-4cba-ad5b-5933e7f7cfed', 'PASSWD': 'ubuntu', 'SUPERVISOR_SERVER_URL': 'unix:///var/run/supervisor.sock', 'SUPERVISOR_PROCESS_NAME': 'vnc', 'PWD': '/home/ubuntu/ros2_ws/build/task1_first_try', 'PYTHONPATH': '/home/ubuntu/ros2_ws/build/task1_first_try/prefix_override:/usr/lib/python3/dist-packages/colcon_core/task/python/colcon_distutils_commands:/home/ubuntu/ros2_ws/install/task1_first_try/lib/python3.10/site-packages:/opt/ros/humble/lib/python3.10/site-packages:/opt/ros/humble/local/lib/python3.10/dist-packages', 'MATE_DESKTOP_SESSION_ID': 'this-is-deprecated', 'COLCON': '1', 'VTE_VERSION': '6800', 'QT_FONT_DPI': '96'}, 'shell': False}
[0.300677] (-) TimerEvent: {}
[0.363770] (task1_first_try) StdoutLine: {'line': b'running egg_info\n'}
[0.364356] (task1_first_try) StdoutLine: {'line': b'creating ../../build/task1_first_try/task1_first_try.egg-info\n'}
[0.364705] (task1_first_try) StdoutLine: {'line': b'writing ../../build/task1_first_try/task1_first_try.egg-info/PKG-INFO\n'}
[0.365563] (task1_first_try) StdoutLine: {'line': b'writing dependency_links to ../../build/task1_first_try/task1_first_try.egg-info/dependency_links.txt\n'}
[0.366204] (task1_first_try) StdoutLine: {'line': b'writing entry points to ../../build/task1_first_try/task1_first_try.egg-info/entry_points.txt\n'}
[0.366744] (task1_first_try) StdoutLine: {'line': b'writing requirements to ../../build/task1_first_try/task1_first_try.egg-info/requires.txt\n'}
[0.367124] (task1_first_try) StdoutLine: {'line': b'writing top-level names to ../../build/task1_first_try/task1_first_try.egg-info/top_level.txt\n'}
[0.367681] (task1_first_try) StdoutLine: {'line': b"writing manifest file '../../build/task1_first_try/task1_first_try.egg-info/SOURCES.txt'\n"}
[0.369840] (task1_first_try) StdoutLine: {'line': b"reading manifest file '../../build/task1_first_try/task1_first_try.egg-info/SOURCES.txt'\n"}
[0.370706] (task1_first_try) StdoutLine: {'line': b"writing manifest file '../../build/task1_first_try/task1_first_try.egg-info/SOURCES.txt'\n"}
[0.370908] (task1_first_try) StdoutLine: {'line': b'running build\n'}
[0.371193] (task1_first_try) StdoutLine: {'line': b'running build_py\n'}
[0.371480] (task1_first_try) StdoutLine: {'line': b'creating /home/ubuntu/ros2_ws/build/task1_first_try/build\n'}
[0.371974] (task1_first_try) StdoutLine: {'line': b'creating /home/ubuntu/ros2_ws/build/task1_first_try/build/lib\n'}
[0.372218] (task1_first_try) StdoutLine: {'line': b'creating /home/ubuntu/ros2_ws/build/task1_first_try/build/lib/task1_first_try\n'}
[0.372439] (task1_first_try) StdoutLine: {'line': b'copying task1_first_try/subscriber_node.py -> /home/ubuntu/ros2_ws/build/task1_first_try/build/lib/task1_first_try\n'}
[0.372787] (task1_first_try) StdoutLine: {'line': b'copying task1_first_try/__init__.py -> /home/ubuntu/ros2_ws/build/task1_first_try/build/lib/task1_first_try\n'}
[0.373256] (task1_first_try) StdoutLine: {'line': b'copying task1_first_try/publisher_node.py -> /home/ubuntu/ros2_ws/build/task1_first_try/build/lib/task1_first_try\n'}
[0.374104] (task1_first_try) StdoutLine: {'line': b'running install\n'}
[0.374478] (task1_first_try) StdoutLine: {'line': b'running install_lib\n'}
[0.374768] (task1_first_try) StdoutLine: {'line': b'creating /home/ubuntu/ros2_ws/install/task1_first_try/lib/python3.10/site-packages/task1_first_try\n'}
[0.375111] (task1_first_try) StdoutLine: {'line': b'copying /home/ubuntu/ros2_ws/build/task1_first_try/build/lib/task1_first_try/subscriber_node.py -> /home/ubuntu/ros2_ws/install/task1_first_try/lib/python3.10/site-packages/task1_first_try\n'}
[0.375932] (task1_first_try) StdoutLine: {'line': b'copying /home/ubuntu/ros2_ws/build/task1_first_try/build/lib/task1_first_try/__init__.py -> /home/ubuntu/ros2_ws/install/task1_first_try/lib/python3.10/site-packages/task1_first_try\n'}
[0.376462] (task1_first_try) StdoutLine: {'line': b'copying /home/ubuntu/ros2_ws/build/task1_first_try/build/lib/task1_first_try/publisher_node.py -> /home/ubuntu/ros2_ws/install/task1_first_try/lib/python3.10/site-packages/task1_first_try\n'}
[0.377315] (task1_first_try) StdoutLine: {'line': b'byte-compiling /home/ubuntu/ros2_ws/install/task1_first_try/lib/python3.10/site-packages/task1_first_try/subscriber_node.py to subscriber_node.cpython-310.pyc\n'}
[0.378234] (task1_first_try) StdoutLine: {'line': b'byte-compiling /home/ubuntu/ros2_ws/install/task1_first_try/lib/python3.10/site-packages/task1_first_try/__init__.py to __init__.cpython-310.pyc\n'}
[0.379133] (task1_first_try) StdoutLine: {'line': b'byte-compiling /home/ubuntu/ros2_ws/install/task1_first_try/lib/python3.10/site-packages/task1_first_try/publisher_node.py to publisher_node.cpython-310.pyc\n'}
[0.379804] (task1_first_try) StdoutLine: {'line': b'running install_data\n'}
[0.380018] (task1_first_try) StdoutLine: {'line': b'creating /home/ubuntu/ros2_ws/install/task1_first_try/share/ament_index\n'}
[0.380387] (task1_first_try) StdoutLine: {'line': b'creating /home/ubuntu/ros2_ws/install/task1_first_try/share/ament_index/resource_index\n'}
[0.380618] (task1_first_try) StdoutLine: {'line': b'creating /home/ubuntu/ros2_ws/install/task1_first_try/share/ament_index/resource_index/packages\n'}
[0.380836] (task1_first_try) StdoutLine: {'line': b'copying resource/task1_first_try -> /home/ubuntu/ros2_ws/install/task1_first_try/share/ament_index/resource_index/packages\n'}
[0.381123] (task1_first_try) StdoutLine: {'line': b'copying package.xml -> /home/ubuntu/ros2_ws/install/task1_first_try/share/task1_first_try\n'}
[0.382501] (task1_first_try) StdoutLine: {'line': b'running install_egg_info\n'}
[0.382755] (task1_first_try) StdoutLine: {'line': b'Copying ../../build/task1_first_try/task1_first_try.egg-info to /home/ubuntu/ros2_ws/install/task1_first_try/lib/python3.10/site-packages/task1_first_try-0.0.0-py3.10.egg-info\n'}
[0.387358] (task1_first_try) StdoutLine: {'line': b'running install_scripts\n'}
[0.397463] (task1_first_try) StdoutLine: {'line': b'Installing first_try_publisher script to /home/ubuntu/ros2_ws/install/task1_first_try/lib/task1_first_try\n'}
[0.398110] (task1_first_try) StdoutLine: {'line': b'Installing first_try_subscriber script to /home/ubuntu/ros2_ws/install/task1_first_try/lib/task1_first_try\n'}
[0.398805] (task1_first_try) StdoutLine: {'line': b"writing list of installed files to '/home/ubuntu/ros2_ws/build/task1_first_try/install.log'\n"}
[0.402662] (-) TimerEvent: {}
[0.410545] (task1_first_try) CommandEnded: {'returncode': 0}
[0.422409] (task1_first_try) JobEnded: {'identifier': 'task1_first_try', 'rc': 0}
[0.423372] (-) EventReactorShutdown: {}
