running egg_info
creating ../../build/task4/task4.egg-info
writing ../../build/task4/task4.egg-info/PKG-INFO
writing dependency_links to ../../build/task4/task4.egg-info/dependency_links.txt
writing entry points to ../../build/task4/task4.egg-info/entry_points.txt
writing requirements to ../../build/task4/task4.egg-info/requires.txt
writing top-level names to ../../build/task4/task4.egg-info/top_level.txt
writing manifest file '../../build/task4/task4.egg-info/SOURCES.txt'
reading manifest file '../../build/task4/task4.egg-info/SOURCES.txt'
writing manifest file '../../build/task4/task4.egg-info/SOURCES.txt'
running build
running build_py
creating /home/ubuntu/ubuntu_ros2/ros2_ws/build/task4/build
creating /home/ubuntu/ubuntu_ros2/ros2_ws/build/task4/build/lib
creating /home/ubuntu/ubuntu_ros2/ros2_ws/build/task4/build/lib/task4
copying task4/subscriber_node.py -> /home/ubuntu/ubuntu_ros2/ros2_ws/build/task4/build/lib/task4
copying task4/__init__.py -> /home/ubuntu/ubuntu_ros2/ros2_ws/build/task4/build/lib/task4
copying task4/publisher_node.py -> /home/ubuntu/ubuntu_ros2/ros2_ws/build/task4/build/lib/task4
running install
running install_lib
creating /home/ubuntu/ubuntu_ros2/ros2_ws/install/task4/lib/python3.10/site-packages/task4
copying /home/ubuntu/ubuntu_ros2/ros2_ws/build/task4/build/lib/task4/subscriber_node.py -> /home/ubuntu/ubuntu_ros2/ros2_ws/install/task4/lib/python3.10/site-packages/task4
copying /home/ubuntu/ubuntu_ros2/ros2_ws/build/task4/build/lib/task4/__init__.py -> /home/ubuntu/ubuntu_ros2/ros2_ws/install/task4/lib/python3.10/site-packages/task4
copying /home/ubuntu/ubuntu_ros2/ros2_ws/build/task4/build/lib/task4/publisher_node.py -> /home/ubuntu/ubuntu_ros2/ros2_ws/install/task4/lib/python3.10/site-packages/task4
byte-compiling /home/ubuntu/ubuntu_ros2/ros2_ws/install/task4/lib/python3.10/site-packages/task4/subscriber_node.py to subscriber_node.cpython-310.pyc
byte-compiling /home/ubuntu/ubuntu_ros2/ros2_ws/install/task4/lib/python3.10/site-packages/task4/__init__.py to __init__.cpython-310.pyc
byte-compiling /home/ubuntu/ubuntu_ros2/ros2_ws/install/task4/lib/python3.10/site-packages/task4/publisher_node.py to publisher_node.cpython-310.pyc
running install_data
creating /home/ubuntu/ubuntu_ros2/ros2_ws/install/task4/share/ament_index
creating /home/ubuntu/ubuntu_ros2/ros2_ws/install/task4/share/ament_index/resource_index
creating /home/ubuntu/ubuntu_ros2/ros2_ws/install/task4/share/ament_index/resource_index/packages
copying resource/task4 -> /home/ubuntu/ubuntu_ros2/ros2_ws/install/task4/share/ament_index/resource_index/packages
copying package.xml -> /home/ubuntu/ubuntu_ros2/ros2_ws/install/task4/share/task4
running install_egg_info
Copying ../../build/task4/task4.egg-info to /home/ubuntu/ubuntu_ros2/ros2_ws/install/task4/lib/python3.10/site-packages/task4-0.0.0-py3.10.egg-info
running install_scripts
Installing publisher_node script to /home/ubuntu/ubuntu_ros2/ros2_ws/install/task4/lib/task4
Installing subscriber_node script to /home/ubuntu/ubuntu_ros2/ros2_ws/install/task4/lib/task4
writing list of installed files to '/home/ubuntu/ubuntu_ros2/ros2_ws/build/task4/install.log'
