[0.552s] Invoking command in '/home/ubuntu/ubuntu_ros2/ros2_ws/src/task4': PYTHONPATH=/home/ubuntu/ubuntu_ros2/ros2_ws/build/task4/prefix_override:/usr/lib/python3/dist-packages/colcon_core/task/python/colcon_distutils_commands:/home/ubuntu/ubuntu_ros2/ros2_ws/install/task4/lib/python3.10/site-packages:${PYTHONPATH} /usr/bin/python3 -W ignore:setup.py install is deprecated -W ignore:easy_install command is deprecated setup.py egg_info --egg-base ../../build/task4 build --build-base /home/ubuntu/ubuntu_ros2/ros2_ws/build/task4/build install --record /home/ubuntu/ubuntu_ros2/ros2_ws/build/task4/install.log --single-version-externally-managed install_data
[0.670s] running egg_info
[0.670s] creating ../../build/task4/task4.egg-info
[0.672s] writing ../../build/task4/task4.egg-info/PKG-INFO
[0.672s] writing dependency_links to ../../build/task4/task4.egg-info/dependency_links.txt
[0.672s] writing entry points to ../../build/task4/task4.egg-info/entry_points.txt
[0.673s] writing requirements to ../../build/task4/task4.egg-info/requires.txt
[0.673s] writing top-level names to ../../build/task4/task4.egg-info/top_level.txt
[0.674s] writing manifest file '../../build/task4/task4.egg-info/SOURCES.txt'
[0.676s] reading manifest file '../../build/task4/task4.egg-info/SOURCES.txt'
[0.677s] writing manifest file '../../build/task4/task4.egg-info/SOURCES.txt'
[0.678s] running build
[0.678s] running build_py
[0.679s] creating /home/ubuntu/ubuntu_ros2/ros2_ws/build/task4/build
[0.679s] creating /home/ubuntu/ubuntu_ros2/ros2_ws/build/task4/build/lib
[0.680s] creating /home/ubuntu/ubuntu_ros2/ros2_ws/build/task4/build/lib/task4
[0.680s] copying task4/subscriber_node.py -> /home/ubuntu/ubuntu_ros2/ros2_ws/build/task4/build/lib/task4
[0.680s] copying task4/__init__.py -> /home/ubuntu/ubuntu_ros2/ros2_ws/build/task4/build/lib/task4
[0.681s] copying task4/publisher_node.py -> /home/ubuntu/ubuntu_ros2/ros2_ws/build/task4/build/lib/task4
[0.683s] running install
[0.684s] running install_lib
[0.685s] creating /home/ubuntu/ubuntu_ros2/ros2_ws/install/task4/lib/python3.10/site-packages/task4
[0.685s] copying /home/ubuntu/ubuntu_ros2/ros2_ws/build/task4/build/lib/task4/subscriber_node.py -> /home/ubuntu/ubuntu_ros2/ros2_ws/install/task4/lib/python3.10/site-packages/task4
[0.686s] copying /home/ubuntu/ubuntu_ros2/ros2_ws/build/task4/build/lib/task4/__init__.py -> /home/ubuntu/ubuntu_ros2/ros2_ws/install/task4/lib/python3.10/site-packages/task4
[0.687s] copying /home/ubuntu/ubuntu_ros2/ros2_ws/build/task4/build/lib/task4/publisher_node.py -> /home/ubuntu/ubuntu_ros2/ros2_ws/install/task4/lib/python3.10/site-packages/task4
[0.689s] byte-compiling /home/ubuntu/ubuntu_ros2/ros2_ws/install/task4/lib/python3.10/site-packages/task4/subscriber_node.py to subscriber_node.cpython-310.pyc
[0.694s] byte-compiling /home/ubuntu/ubuntu_ros2/ros2_ws/install/task4/lib/python3.10/site-packages/task4/__init__.py to __init__.cpython-310.pyc
[0.696s] byte-compiling /home/ubuntu/ubuntu_ros2/ros2_ws/install/task4/lib/python3.10/site-packages/task4/publisher_node.py to publisher_node.cpython-310.pyc
[0.698s] running install_data
[0.699s] creating /home/ubuntu/ubuntu_ros2/ros2_ws/install/task4/share/ament_index
[0.699s] creating /home/ubuntu/ubuntu_ros2/ros2_ws/install/task4/share/ament_index/resource_index
[0.700s] creating /home/ubuntu/ubuntu_ros2/ros2_ws/install/task4/share/ament_index/resource_index/packages
[0.700s] copying resource/task4 -> /home/ubuntu/ubuntu_ros2/ros2_ws/install/task4/share/ament_index/resource_index/packages
[0.701s] copying package.xml -> /home/ubuntu/ubuntu_ros2/ros2_ws/install/task4/share/task4
[0.701s] running install_egg_info
[0.704s] Copying ../../build/task4/task4.egg-info to /home/ubuntu/ubuntu_ros2/ros2_ws/install/task4/lib/python3.10/site-packages/task4-0.0.0-py3.10.egg-info
[0.711s] running install_scripts
[0.728s] Installing publisher_node script to /home/ubuntu/ubuntu_ros2/ros2_ws/install/task4/lib/task4
[0.729s] Installing subscriber_node script to /home/ubuntu/ubuntu_ros2/ros2_ws/install/task4/lib/task4
[0.730s] writing list of installed files to '/home/ubuntu/ubuntu_ros2/ros2_ws/build/task4/install.log'
[0.753s] Invoked command in '/home/ubuntu/ubuntu_ros2/ros2_ws/src/task4' returned '0': PYTHONPATH=/home/ubuntu/ubuntu_ros2/ros2_ws/build/task4/prefix_override:/usr/lib/python3/dist-packages/colcon_core/task/python/colcon_distutils_commands:/home/ubuntu/ubuntu_ros2/ros2_ws/install/task4/lib/python3.10/site-packages:${PYTHONPATH} /usr/bin/python3 -W ignore:setup.py install is deprecated -W ignore:easy_install command is deprecated setup.py egg_info --egg-base ../../build/task4 build --build-base /home/ubuntu/ubuntu_ros2/ros2_ws/build/task4/build install --record /home/ubuntu/ubuntu_ros2/ros2_ws/build/task4/install.log --single-version-externally-managed install_data
