[0.562s] Invoking command in '/home/ubuntu/ubuntu_ros2/ros2_ws/src/task1_first_try': PYTHONPATH=/home/ubuntu/ubuntu_ros2/ros2_ws/build/task1_first_try/prefix_override:/usr/lib/python3/dist-packages/colcon_core/task/python/colcon_distutils_commands:/home/ubuntu/ubuntu_ros2/ros2_ws/install/task1_first_try/lib/python3.10/site-packages:${PYTHONPATH} /usr/bin/python3 -W ignore:setup.py install is deprecated -W ignore:easy_install command is deprecated setup.py egg_info --egg-base ../../build/task1_first_try build --build-base /home/ubuntu/ubuntu_ros2/ros2_ws/build/task1_first_try/build install --record /home/ubuntu/ubuntu_ros2/ros2_ws/build/task1_first_try/install.log --single-version-externally-managed install_data
[0.687s] running egg_info
[0.688s] writing ../../build/task1_first_try/task1_first_try.egg-info/PKG-INFO
[0.688s] writing dependency_links to ../../build/task1_first_try/task1_first_try.egg-info/dependency_links.txt
[0.689s] writing entry points to ../../build/task1_first_try/task1_first_try.egg-info/entry_points.txt
[0.690s] writing requirements to ../../build/task1_first_try/task1_first_try.egg-info/requires.txt
[0.690s] writing top-level names to ../../build/task1_first_try/task1_first_try.egg-info/top_level.txt
[0.694s] reading manifest file '../../build/task1_first_try/task1_first_try.egg-info/SOURCES.txt'
[0.696s] writing manifest file '../../build/task1_first_try/task1_first_try.egg-info/SOURCES.txt'
[0.696s] running build
[0.696s] running build_py
[0.697s] running install
[0.697s] running install_lib
[0.700s] running install_data
[0.701s] running install_egg_info
[0.705s] removing '/home/ubuntu/ubuntu_ros2/ros2_ws/install/task1_first_try/lib/python3.10/site-packages/task1_first_try-0.0.0-py3.10.egg-info' (and everything under it)
[0.706s] Copying ../../build/task1_first_try/task1_first_try.egg-info to /home/ubuntu/ubuntu_ros2/ros2_ws/install/task1_first_try/lib/python3.10/site-packages/task1_first_try-0.0.0-py3.10.egg-info
[0.716s] running install_scripts
[0.733s] Installing first_try_publisher script to /home/ubuntu/ubuntu_ros2/ros2_ws/install/task1_first_try/lib/task1_first_try
[0.733s] Installing first_try_subscriber script to /home/ubuntu/ubuntu_ros2/ros2_ws/install/task1_first_try/lib/task1_first_try
[0.738s] writing list of installed files to '/home/ubuntu/ubuntu_ros2/ros2_ws/build/task1_first_try/install.log'
[0.756s] Invoked command in '/home/ubuntu/ubuntu_ros2/ros2_ws/src/task1_first_try' returned '0': PYTHONPATH=/home/ubuntu/ubuntu_ros2/ros2_ws/build/task1_first_try/prefix_override:/usr/lib/python3/dist-packages/colcon_core/task/python/colcon_distutils_commands:/home/ubuntu/ubuntu_ros2/ros2_ws/install/task1_first_try/lib/python3.10/site-packages:${PYTHONPATH} /usr/bin/python3 -W ignore:setup.py install is deprecated -W ignore:easy_install command is deprecated setup.py egg_info --egg-base ../../build/task1_first_try build --build-base /home/ubuntu/ubuntu_ros2/ros2_ws/build/task1_first_try/build install --record /home/ubuntu/ubuntu_ros2/ros2_ws/build/task1_first_try/install.log --single-version-externally-managed install_data
