[0.415s] Invoking command in '/home/ubuntu/ros2_ws/src/task1_first_try': PYTHONPATH=/home/ubuntu/ros2_ws/build/task1_first_try/prefix_override:/usr/lib/python3/dist-packages/colcon_core/task/python/colcon_distutils_commands:/home/ubuntu/ros2_ws/install/task1_first_try/lib/python3.10/site-packages:${PYTHONPATH} /usr/bin/python3 -W ignore:setup.py install is deprecated -W ignore:easy_install command is deprecated setup.py egg_info --egg-base ../../build/task1_first_try build --build-base /home/ubuntu/ros2_ws/build/task1_first_try/build install --record /home/ubuntu/ros2_ws/build/task1_first_try/install.log --single-version-externally-managed install_data
[0.540s] running egg_info
[0.541s] writing ../../build/task1_first_try/task1_first_try.egg-info/PKG-INFO
[0.542s] writing dependency_links to ../../build/task1_first_try/task1_first_try.egg-info/dependency_links.txt
[0.543s] writing entry points to ../../build/task1_first_try/task1_first_try.egg-info/entry_points.txt
[0.543s] writing requirements to ../../build/task1_first_try/task1_first_try.egg-info/requires.txt
[0.544s] writing top-level names to ../../build/task1_first_try/task1_first_try.egg-info/top_level.txt
[0.544s] reading manifest file '../../build/task1_first_try/task1_first_try.egg-info/SOURCES.txt'
[0.546s] writing manifest file '../../build/task1_first_try/task1_first_try.egg-info/SOURCES.txt'
[0.547s] running build
[0.547s] running build_py
[0.549s] running install
[0.549s] running install_lib
[0.550s] running install_data
[0.550s] running install_egg_info
[0.551s] removing '/home/ubuntu/ros2_ws/install/task1_first_try/lib/python3.10/site-packages/task1_first_try-0.0.0-py3.10.egg-info' (and everything under it)
[0.552s] Copying ../../build/task1_first_try/task1_first_try.egg-info to /home/ubuntu/ros2_ws/install/task1_first_try/lib/python3.10/site-packages/task1_first_try-0.0.0-py3.10.egg-info
[0.558s] running install_scripts
[0.570s] Installing first_try_publisher script to /home/ubuntu/ros2_ws/install/task1_first_try/lib/task1_first_try
[0.571s] Installing first_try_subscriber script to /home/ubuntu/ros2_ws/install/task1_first_try/lib/task1_first_try
[0.572s] writing list of installed files to '/home/ubuntu/ros2_ws/build/task1_first_try/install.log'
[0.588s] Invoked command in '/home/ubuntu/ros2_ws/src/task1_first_try' returned '0': PYTHONPATH=/home/ubuntu/ros2_ws/build/task1_first_try/prefix_override:/usr/lib/python3/dist-packages/colcon_core/task/python/colcon_distutils_commands:/home/ubuntu/ros2_ws/install/task1_first_try/lib/python3.10/site-packages:${PYTHONPATH} /usr/bin/python3 -W ignore:setup.py install is deprecated -W ignore:easy_install command is deprecated setup.py egg_info --egg-base ../../build/task1_first_try build --build-base /home/ubuntu/ros2_ws/build/task1_first_try/build install --record /home/ubuntu/ros2_ws/build/task1_first_try/install.log --single-version-externally-managed install_data
