running egg_info
writing ../../build/task1_first_try/task1_first_try.egg-info/PKG-INFO
writing dependency_links to ../../build/task1_first_try/task1_first_try.egg-info/dependency_links.txt
writing entry points to ../../build/task1_first_try/task1_first_try.egg-info/entry_points.txt
writing requirements to ../../build/task1_first_try/task1_first_try.egg-info/requires.txt
writing top-level names to ../../build/task1_first_try/task1_first_try.egg-info/top_level.txt
reading manifest file '../../build/task1_first_try/task1_first_try.egg-info/SOURCES.txt'
writing manifest file '../../build/task1_first_try/task1_first_try.egg-info/SOURCES.txt'
running build
running build_py
running install
running install_lib
running install_data
running install_egg_info
removing '/home/ubuntu/ros2_ws/install/task1_first_try/lib/python3.10/site-packages/task1_first_try-0.0.0-py3.10.egg-info' (and everything under it)
Copying ../../build/task1_first_try/task1_first_try.egg-info to /home/ubuntu/ros2_ws/install/task1_first_try/lib/python3.10/site-packages/task1_first_try-0.0.0-py3.10.egg-info
running install_scripts
Installing first_try_publisher script to /home/ubuntu/ros2_ws/install/task1_first_try/lib/task1_first_try
Installing first_try_subscriber script to /home/ubuntu/ros2_ws/install/task1_first_try/lib/task1_first_try
writing list of installed files to '/home/ubuntu/ros2_ws/build/task1_first_try/install.log'
