[0.426s] Invoking command in '/home/ubuntu/ros2_ws/src/task1_first_try': PYTHONPATH=/home/ubuntu/ros2_ws/build/task1_first_try/prefix_override:/usr/lib/python3/dist-packages/colcon_core/task/python/colcon_distutils_commands:/home/ubuntu/ros2_ws/install/task1_first_try/lib/python3.10/site-packages:${PYTHONPATH} /usr/bin/python3 -W ignore:setup.py install is deprecated -W ignore:easy_install command is deprecated setup.py egg_info --egg-base ../../build/task1_first_try build --build-base /home/ubuntu/ros2_ws/build/task1_first_try/build install --record /home/ubuntu/ros2_ws/build/task1_first_try/install.log --single-version-externally-managed install_data
[0.545s] running egg_info
[0.545s] writing ../../build/task1_first_try/task1_first_try.egg-info/PKG-INFO
[0.546s] writing dependency_links to ../../build/task1_first_try/task1_first_try.egg-info/dependency_links.txt
[0.546s] writing entry points to ../../build/task1_first_try/task1_first_try.egg-info/entry_points.txt
[0.547s] writing requirements to ../../build/task1_first_try/task1_first_try.egg-info/requires.txt
[0.547s] writing top-level names to ../../build/task1_first_try/task1_first_try.egg-info/top_level.txt
[0.552s] reading manifest file '../../build/task1_first_try/task1_first_try.egg-info/SOURCES.txt'
[0.553s] writing manifest file '../../build/task1_first_try/task1_first_try.egg-info/SOURCES.txt'
[0.554s] running build
[0.555s] running build_py
[0.555s] running install
[0.556s] running install_lib
[0.557s] running install_data
[0.557s] running install_egg_info
[0.557s] removing '/home/ubuntu/ros2_ws/install/task1_first_try/lib/python3.10/site-packages/task1_first_try-0.0.0-py3.10.egg-info' (and everything under it)
[0.558s] Copying ../../build/task1_first_try/task1_first_try.egg-info to /home/ubuntu/ros2_ws/install/task1_first_try/lib/python3.10/site-packages/task1_first_try-0.0.0-py3.10.egg-info
[0.568s] running install_scripts
[0.580s] Installing first_try_publisher script to /home/ubuntu/ros2_ws/install/task1_first_try/lib/task1_first_try
[0.580s] Installing first_try_subscriber script to /home/ubuntu/ros2_ws/install/task1_first_try/lib/task1_first_try
[0.581s] writing list of installed files to '/home/ubuntu/ros2_ws/build/task1_first_try/install.log'
[0.596s] Invoked command in '/home/ubuntu/ros2_ws/src/task1_first_try' returned '0': PYTHONPATH=/home/ubuntu/ros2_ws/build/task1_first_try/prefix_override:/usr/lib/python3/dist-packages/colcon_core/task/python/colcon_distutils_commands:/home/ubuntu/ros2_ws/install/task1_first_try/lib/python3.10/site-packages:${PYTHONPATH} /usr/bin/python3 -W ignore:setup.py install is deprecated -W ignore:easy_install command is deprecated setup.py egg_info --egg-base ../../build/task1_first_try build --build-base /home/ubuntu/ros2_ws/build/task1_first_try/build install --record /home/ubuntu/ros2_ws/build/task1_first_try/install.log --single-version-externally-managed install_data
