running egg_info
writing ../../build/task2/task2.egg-info/PKG-INFO
writing dependency_links to ../../build/task2/task2.egg-info/dependency_links.txt
writing entry points to ../../build/task2/task2.egg-info/entry_points.txt
writing requirements to ../../build/task2/task2.egg-info/requires.txt
writing top-level names to ../../build/task2/task2.egg-info/top_level.txt
reading manifest file '../../build/task2/task2.egg-info/SOURCES.txt'
writing manifest file '../../build/task2/task2.egg-info/SOURCES.txt'
running build
running build_py
running install
running install_lib
running install_data
running install_egg_info
removing '/home/ubuntu/ros2_ws/install/task2/lib/python3.10/site-packages/task2-0.0.0-py3.10.egg-info' (and everything under it)
Copying ../../build/task2/task2.egg-info to /home/ubuntu/ros2_ws/install/task2/lib/python3.10/site-packages/task2-0.0.0-py3.10.egg-info
running install_scripts
Installing publisher_node script to /home/ubuntu/ros2_ws/install/task2/lib/task2
Installing subscriber_node script to /home/ubuntu/ros2_ws/install/task2/lib/task2
writing list of installed files to '/home/ubuntu/ros2_ws/build/task2/install.log'
