[0.414s] Invoking command in '/home/ubuntu/ros2_ws/src/task2': PYTHONPATH=/home/ubuntu/ros2_ws/build/task2/prefix_override:/usr/lib/python3/dist-packages/colcon_core/task/python/colcon_distutils_commands:/home/ubuntu/ros2_ws/install/task2/lib/python3.10/site-packages:${PYTHONPATH} /usr/bin/python3 -W ignore:setup.py install is deprecated -W ignore:easy_install command is deprecated setup.py egg_info --egg-base ../../build/task2 build --build-base /home/ubuntu/ros2_ws/build/task2/build install --record /home/ubuntu/ros2_ws/build/task2/install.log --single-version-externally-managed install_data
[0.525s] running egg_info
[0.526s] writing ../../build/task2/task2.egg-info/PKG-INFO
[0.527s] writing dependency_links to ../../build/task2/task2.egg-info/dependency_links.txt
[0.528s] writing entry points to ../../build/task2/task2.egg-info/entry_points.txt
[0.529s] writing requirements to ../../build/task2/task2.egg-info/requires.txt
[0.530s] writing top-level names to ../../build/task2/task2.egg-info/top_level.txt
[0.532s] reading manifest file '../../build/task2/task2.egg-info/SOURCES.txt'
[0.533s] writing manifest file '../../build/task2/task2.egg-info/SOURCES.txt'
[0.534s] running build
[0.534s] running build_py
[0.534s] running install
[0.534s] running install_lib
[0.537s] running install_data
[0.538s] running install_egg_info
[0.538s] removing '/home/ubuntu/ros2_ws/install/task2/lib/python3.10/site-packages/task2-0.0.0-py3.10.egg-info' (and everything under it)
[0.539s] Copying ../../build/task2/task2.egg-info to /home/ubuntu/ros2_ws/install/task2/lib/python3.10/site-packages/task2-0.0.0-py3.10.egg-info
[0.546s] running install_scripts
[0.556s] Installing publisher_node script to /home/ubuntu/ros2_ws/install/task2/lib/task2
[0.557s] Installing subscriber_node script to /home/ubuntu/ros2_ws/install/task2/lib/task2
[0.558s] writing list of installed files to '/home/ubuntu/ros2_ws/build/task2/install.log'
[0.585s] Invoked command in '/home/ubuntu/ros2_ws/src/task2' returned '0': PYTHONPATH=/home/ubuntu/ros2_ws/build/task2/prefix_override:/usr/lib/python3/dist-packages/colcon_core/task/python/colcon_distutils_commands:/home/ubuntu/ros2_ws/install/task2/lib/python3.10/site-packages:${PYTHONPATH} /usr/bin/python3 -W ignore:setup.py install is deprecated -W ignore:easy_install command is deprecated setup.py egg_info --egg-base ../../build/task2 build --build-base /home/ubuntu/ros2_ws/build/task2/build install --record /home/ubuntu/ros2_ws/build/task2/install.log --single-version-externally-managed install_data
