running egg_info
creating ../../build/task1_first_try/task1_first_try.egg-info
writing ../../build/task1_first_try/task1_first_try.egg-info/PKG-INFO
writing dependency_links to ../../build/task1_first_try/task1_first_try.egg-info/dependency_links.txt
writing entry points to ../../build/task1_first_try/task1_first_try.egg-info/entry_points.txt
writing requirements to ../../build/task1_first_try/task1_first_try.egg-info/requires.txt
writing top-level names to ../../build/task1_first_try/task1_first_try.egg-info/top_level.txt
writing manifest file '../../build/task1_first_try/task1_first_try.egg-info/SOURCES.txt'
reading manifest file '../../build/task1_first_try/task1_first_try.egg-info/SOURCES.txt'
writing manifest file '../../build/task1_first_try/task1_first_try.egg-info/SOURCES.txt'
running build
running build_py
creating /home/ubuntu/ros2_ws/build/task1_first_try/build
creating /home/ubuntu/ros2_ws/build/task1_first_try/build/lib
creating /home/ubuntu/ros2_ws/build/task1_first_try/build/lib/task1_first_try
copying task1_first_try/subscriber_node.py -> /home/ubuntu/ros2_ws/build/task1_first_try/build/lib/task1_first_try
copying task1_first_try/__init__.py -> /home/ubuntu/ros2_ws/build/task1_first_try/build/lib/task1_first_try
copying task1_first_try/publisher_node.py -> /home/ubuntu/ros2_ws/build/task1_first_try/build/lib/task1_first_try
running install
running install_lib
creating /home/ubuntu/ros2_ws/install/task1_first_try/lib/python3.10/site-packages/task1_first_try
copying /home/ubuntu/ros2_ws/build/task1_first_try/build/lib/task1_first_try/subscriber_node.py -> /home/ubuntu/ros2_ws/install/task1_first_try/lib/python3.10/site-packages/task1_first_try
copying /home/ubuntu/ros2_ws/build/task1_first_try/build/lib/task1_first_try/__init__.py -> /home/ubuntu/ros2_ws/install/task1_first_try/lib/python3.10/site-packages/task1_first_try
copying /home/ubuntu/ros2_ws/build/task1_first_try/build/lib/task1_first_try/publisher_node.py -> /home/ubuntu/ros2_ws/install/task1_first_try/lib/python3.10/site-packages/task1_first_try
byte-compiling /home/ubuntu/ros2_ws/install/task1_first_try/lib/python3.10/site-packages/task1_first_try/subscriber_node.py to subscriber_node.cpython-310.pyc
byte-compiling /home/ubuntu/ros2_ws/install/task1_first_try/lib/python3.10/site-packages/task1_first_try/__init__.py to __init__.cpython-310.pyc
byte-compiling /home/ubuntu/ros2_ws/install/task1_first_try/lib/python3.10/site-packages/task1_first_try/publisher_node.py to publisher_node.cpython-310.pyc
running install_data
creating /home/ubuntu/ros2_ws/install/task1_first_try/share/ament_index
creating /home/ubuntu/ros2_ws/install/task1_first_try/share/ament_index/resource_index
creating /home/ubuntu/ros2_ws/install/task1_first_try/share/ament_index/resource_index/packages
copying resource/task1_first_try -> /home/ubuntu/ros2_ws/install/task1_first_try/share/ament_index/resource_index/packages
copying package.xml -> /home/ubuntu/ros2_ws/install/task1_first_try/share/task1_first_try
running install_egg_info
Copying ../../build/task1_first_try/task1_first_try.egg-info to /home/ubuntu/ros2_ws/install/task1_first_try/lib/python3.10/site-packages/task1_first_try-0.0.0-py3.10.egg-info
running install_scripts
Installing first_try_publisher script to /home/ubuntu/ros2_ws/install/task1_first_try/lib/task1_first_try
Installing first_try_subscriber script to /home/ubuntu/ros2_ws/install/task1_first_try/lib/task1_first_try
writing list of installed files to '/home/ubuntu/ros2_ws/build/task1_first_try/install.log'
