[0.270s] Invoking command in '/home/ubuntu/ros2_ws/src/task1_first_try': PYTHONPATH=/home/ubuntu/ros2_ws/build/task1_first_try/prefix_override:/usr/lib/python3/dist-packages/colcon_core/task/python/colcon_distutils_commands:/home/ubuntu/ros2_ws/install/task1_first_try/lib/python3.10/site-packages:${PYTHONPATH} /usr/bin/python3 -W ignore:setup.py install is deprecated -W ignore:easy_install command is deprecated setup.py egg_info --egg-base ../../build/task1_first_try build --build-base /home/ubuntu/ros2_ws/build/task1_first_try/build install --record /home/ubuntu/ros2_ws/build/task1_first_try/install.log --single-version-externally-managed install_data
[0.364s] running egg_info
[0.364s] creating ../../build/task1_first_try/task1_first_try.egg-info
[0.365s] writing ../../build/task1_first_try/task1_first_try.egg-info/PKG-INFO
[0.366s] writing dependency_links to ../../build/task1_first_try/task1_first_try.egg-info/dependency_links.txt
[0.366s] writing entry points to ../../build/task1_first_try/task1_first_try.egg-info/entry_points.txt
[0.367s] writing requirements to ../../build/task1_first_try/task1_first_try.egg-info/requires.txt
[0.367s] writing top-level names to ../../build/task1_first_try/task1_first_try.egg-info/top_level.txt
[0.368s] writing manifest file '../../build/task1_first_try/task1_first_try.egg-info/SOURCES.txt'
[0.370s] reading manifest file '../../build/task1_first_try/task1_first_try.egg-info/SOURCES.txt'
[0.370s] writing manifest file '../../build/task1_first_try/task1_first_try.egg-info/SOURCES.txt'
[0.371s] running build
[0.371s] running build_py
[0.372s] creating /home/ubuntu/ros2_ws/build/task1_first_try/build
[0.372s] creating /home/ubuntu/ros2_ws/build/task1_first_try/build/lib
[0.372s] creating /home/ubuntu/ros2_ws/build/task1_first_try/build/lib/task1_first_try
[0.372s] copying task1_first_try/subscriber_node.py -> /home/ubuntu/ros2_ws/build/task1_first_try/build/lib/task1_first_try
[0.373s] copying task1_first_try/__init__.py -> /home/ubuntu/ros2_ws/build/task1_first_try/build/lib/task1_first_try
[0.373s] copying task1_first_try/publisher_node.py -> /home/ubuntu/ros2_ws/build/task1_first_try/build/lib/task1_first_try
[0.374s] running install
[0.374s] running install_lib
[0.375s] creating /home/ubuntu/ros2_ws/install/task1_first_try/lib/python3.10/site-packages/task1_first_try
[0.375s] copying /home/ubuntu/ros2_ws/build/task1_first_try/build/lib/task1_first_try/subscriber_node.py -> /home/ubuntu/ros2_ws/install/task1_first_try/lib/python3.10/site-packages/task1_first_try
[0.376s] copying /home/ubuntu/ros2_ws/build/task1_first_try/build/lib/task1_first_try/__init__.py -> /home/ubuntu/ros2_ws/install/task1_first_try/lib/python3.10/site-packages/task1_first_try
[0.376s] copying /home/ubuntu/ros2_ws/build/task1_first_try/build/lib/task1_first_try/publisher_node.py -> /home/ubuntu/ros2_ws/install/task1_first_try/lib/python3.10/site-packages/task1_first_try
[0.377s] byte-compiling /home/ubuntu/ros2_ws/install/task1_first_try/lib/python3.10/site-packages/task1_first_try/subscriber_node.py to subscriber_node.cpython-310.pyc
[0.378s] byte-compiling /home/ubuntu/ros2_ws/install/task1_first_try/lib/python3.10/site-packages/task1_first_try/__init__.py to __init__.cpython-310.pyc
[0.379s] byte-compiling /home/ubuntu/ros2_ws/install/task1_first_try/lib/python3.10/site-packages/task1_first_try/publisher_node.py to publisher_node.cpython-310.pyc
[0.380s] running install_data
[0.380s] creating /home/ubuntu/ros2_ws/install/task1_first_try/share/ament_index
[0.380s] creating /home/ubuntu/ros2_ws/install/task1_first_try/share/ament_index/resource_index
[0.380s] creating /home/ubuntu/ros2_ws/install/task1_first_try/share/ament_index/resource_index/packages
[0.381s] copying resource/task1_first_try -> /home/ubuntu/ros2_ws/install/task1_first_try/share/ament_index/resource_index/packages
[0.381s] copying package.xml -> /home/ubuntu/ros2_ws/install/task1_first_try/share/task1_first_try
[0.382s] running install_egg_info
[0.383s] Copying ../../build/task1_first_try/task1_first_try.egg-info to /home/ubuntu/ros2_ws/install/task1_first_try/lib/python3.10/site-packages/task1_first_try-0.0.0-py3.10.egg-info
[0.388s] running install_scripts
[0.397s] Installing first_try_publisher script to /home/ubuntu/ros2_ws/install/task1_first_try/lib/task1_first_try
[0.398s] Installing first_try_subscriber script to /home/ubuntu/ros2_ws/install/task1_first_try/lib/task1_first_try
[0.399s] writing list of installed files to '/home/ubuntu/ros2_ws/build/task1_first_try/install.log'
[0.410s] Invoked command in '/home/ubuntu/ros2_ws/src/task1_first_try' returned '0': PYTHONPATH=/home/ubuntu/ros2_ws/build/task1_first_try/prefix_override:/usr/lib/python3/dist-packages/colcon_core/task/python/colcon_distutils_commands:/home/ubuntu/ros2_ws/install/task1_first_try/lib/python3.10/site-packages:${PYTHONPATH} /usr/bin/python3 -W ignore:setup.py install is deprecated -W ignore:easy_install command is deprecated setup.py egg_info --egg-base ../../build/task1_first_try build --build-base /home/ubuntu/ros2_ws/build/task1_first_try/build install --record /home/ubuntu/ros2_ws/build/task1_first_try/install.log --single-version-externally-managed install_data
